#
# A fatal error has been detected by the Java Runtime Environment:
#
#  SIGSEGV (0xb) at pc=0x00000001082b369a, pid=664, tid=0x0000000000002703
#
# JRE version: OpenJDK Runtime Environment (8.0_76-b03) (build 1.8.0_76-release-b03)
# Java VM: OpenJDK 64-Bit Server VM (25.76-b03 mixed mode bsd-amd64 compressed oops)
# Problematic frame:
# V  [libjvm.dylib+0x2b369a]  void PSParallelCompact::mark_and_push<unsigned int>(ParCompactionManager*, unsigned int*)+0x58
#
# Failed to write core dump. Core dumps have been disabled. To enable core dumping, try "ulimit -c unlimited" before starting Java again
#
# If you would like to submit a bug report, please visit:
#   http://bugreport.java.com/bugreport/crash.jsp
#

---------------  T H R E A D  ---------------

Current thread (0x00007fee62011800):  GCTaskThread [stack: 0x0000700003742000,0x0000700003842000] [id=9987]

siginfo: si_signo: 11 (SIGSEGV), si_code: 0 (unknown), si_addr: 0x0000000000000000

Registers:
RAX=0x000000011a4da000, RBX=0x00007fee61403420, RCX=0x03ffffffe3000000, RDX=0x1fffffff18000000
RSP=0x0000700003841bf0, RBP=0x0000700003841c10, RSI=0x00000007a9606ff8, RDI=0x00007fee61403420
R8 =0x000000000000092c, R9 =0x000000000000e42a, R10=0x0001000400000101, R11=0x0000000000000004
R12=0x00000007a9606ff8, R13=0x00000007a9607010, R14=0x0000000020000000, R15=0x00000007c0008c00
RIP=0x00000001082b369a, EFLAGS=0x0000000000010206, ERR=0x0000000000000000
  TRAPNO=0x000000000000000d

Top of Stack: (sp=0x0000700003841bf0)
0x0000700003841bf0:   00007fee61403420 00007fee61403420
0x0000700003841c00:   00000007c0008bf8 00000007c0008c00
0x0000700003841c10:   0000700003841c60 00000001082b01fd
0x0000700003841c20:   00007fee61403420 00000007a9606fb8
0x0000700003841c30:   0000000000000000 00007fee61403420
0x0000700003841c40:   00000007a9606fb8 00000001085d15cc
0x0000700003841c50:   00007fee61403428 00000001087dbc20
0x0000700003841c60:   0000700003841cf0 0000000108486b48
0x0000700003841c70:   0000000000000000 00007fee61403460
0x0000700003841c80:   00007fee614034a8 00007fee614034e0
0x0000700003841c90:   0000000000000000 0000000000000000
0x0000700003841ca0:   00000007a9606fb8 00007fee633b0800
0x0000700003841cb0:   0000700003841c01 00007fee62011801
0x0000700003841cc0:   00007fee62011800 00007fee61403420
0x0000700003841cd0:   0000000000000000 00000001085d15cc
0x0000700003841ce0:   00007fee61610640 0000000000000001
0x0000700003841cf0:   0000700003841db0 0000000108478e56
0x0000700003841d00:   0000000000000000 000000010886cb10
0x0000700003841d10:   0000000000000000 0000700003841d60
0x0000700003841d20:   0000000000000000 000000010886cbb0
0x0000700003841d30:   0000700000000000 0000700003841d60
0x0000700003841d40:   000000010886cbd0 00000001085b0200
0x0000700003841d50:   0000700003841d60 0000000000000001
0x0000700003841d60:   0000000108871cf0 0000000108452100
0x0000700003841d70:   00007fee61403420 00007fee61606340
0x0000700003841d80:   00007fee61609b00 00007fee61609b10
0x0000700003841d90:   00007fee61609ee8 00000000000003d8
0x0000700003841da0:   00007fee62011800 00007fee61610640
0x0000700003841db0:   0000700003841e90 000000010826c933
0x0000700003841dc0:   0000700003841df0 00007fee61606340
0x0000700003841dd0:   00007fee61609b00 00007fee61609b10
0x0000700003841de0:   00007fee61609ee8 00000000000003d8 

Instructions: (pc=0x00000001082b369a)
0x00000001082b367a:   10 48 c1 ea 03 48 8d 0d c2 46 51 00 8a 09 48 d3
0x00000001082b368a:   ea 48 89 d1 48 83 e1 c0 48 c1 e9 03 48 8b 40 30
0x00000001082b369a:   48 8b 04 08 48 0f a3 d0 72 5d 4c 89 f7 e8 3c 11
0x00000001082b36aa:   ef ff 4c 63 f8 48 8d 3d 1a f6 5c 00 4c 89 f6 4c 

Register to memory mapping:

RAX=0x000000011a4da000 is an unknown value
RBX=0x00007fee61403420 is an unknown value
RCX=0x03ffffffe3000000 is an unknown value
RDX=0x1fffffff18000000 is an unknown value
RSP=0x0000700003841bf0 is an unknown value
RBP=0x0000700003841c10 is an unknown value
RSI=0x00000007a9606ff8 is an unknown value
RDI=0x00007fee61403420 is an unknown value
R8 =0x000000000000092c is an unknown value
R9 =0x000000000000e42a is an unknown value
R10=0x0001000400000101 is an unknown value
R11=0x0000000000000004 is an unknown value
R12=0x00000007a9606ff8 is an unknown value
R13=0x00000007a9607010 is an oop
[Ljava.lang.Class; 
 - klass: 'java/lang/Class'[]
 - length: 1
R14=0x0000000020000000 is an unknown value
R15=0x00000007c0008c00 is pointing into metadata


Stack: [0x0000700003742000,0x0000700003842000],  sp=0x0000700003841bf0,  free space=1022k
Native frames: (J=compiled Java code, j=interpreted, Vv=VM code, C=native code)
V  [libjvm.dylib+0x2b369a]  void PSParallelCompact::mark_and_push<unsigned int>(ParCompactionManager*, unsigned int*)+0x58
V  [libjvm.dylib+0x2b01fd]  InstanceKlass::oop_follow_contents(ParCompactionManager*, oopDesc*)+0x10d
V  [libjvm.dylib+0x486b48]  ParCompactionManager::follow_marking_stacks()+0xb4
V  [libjvm.dylib+0x478e56]  ThreadRootsMarkingTask::do_it(GCTaskManager*, unsigned int)+0x11e
V  [libjvm.dylib+0x26c933]  GCTaskThread::run()+0x1a1
V  [libjvm.dylib+0x4565ca]  java_start(Thread*)+0xf6
C  [libsystem_pthread.dylib+0x3abb]  _pthread_body+0xb4
C  [libsystem_pthread.dylib+0x3a07]  _pthread_body+0x0
C  [libsystem_pthread.dylib+0x3231]  thread_start+0xd


---------------  P R O C E S S  ---------------

Java Threads: ( => current thread )
  0x00007fee633b0800 JavaThread "process reaper" daemon [_thread_blocked, id=26883, stack(0x0000700005190000,0x00007000051b8000)]
  0x00007fee62ff7000 JavaThread "File lock request listener" [_thread_in_native, id=26371, stack(0x000070000508d000,0x000070000518d000)]
  0x00007fee62304800 JavaThread "Stdin handler" [_thread_blocked, id=25859, stack(0x0000700004f8a000,0x000070000508a000)]
  0x00007fee62301800 JavaThread "Asynchronous log dispatcher for org.gradle.launcher.daemon.server.DefaultDaemonConnection@7d73a9b8" [_thread_blocked, id=25347, stack(0x0000700004e87000,0x0000700004f87000)]
  0x00007fee62bd2000 JavaThread "Daemon worker" [_thread_blocked, id=24835, stack(0x0000700004d84000,0x0000700004e84000)]
  0x00007fee622c6800 JavaThread "Cancel handler" [_thread_blocked, id=24323, stack(0x0000700004c81000,0x0000700004d81000)]
  0x00007fee622c1000 JavaThread "Handler for socket connection from /127.0.0.1:49469 to /127.0.0.1:49470" [_thread_in_native, id=23811, stack(0x0000700004b7e000,0x0000700004c7e000)]
  0x00007fee61b67000 JavaThread "Daemon" [_thread_blocked, id=23299, stack(0x0000700004a7b000,0x0000700004b7b000)]
  0x00007fee61b85800 JavaThread "pool-1-thread-1" [_thread_blocked, id=22787, stack(0x0000700004978000,0x0000700004a78000)]
  0x00007fee622cc000 JavaThread "Incoming local TCP Connector on port 49469" [_thread_in_native, id=22275, stack(0x0000700004875000,0x0000700004975000)]
  0x00007fee6301d000 JavaThread "Service Thread" daemon [_thread_blocked, id=21251, stack(0x000070000466f000,0x000070000476f000)]
  0x00007fee6182b000 JavaThread "C1 CompilerThread3" daemon [_thread_blocked, id=20739, stack(0x000070000456c000,0x000070000466c000)]
  0x00007fee62068000 JavaThread "C2 CompilerThread2" daemon [_thread_in_native, id=20227, stack(0x0000700004469000,0x0000700004569000)]
  0x00007fee6182a000 JavaThread "C2 CompilerThread1" daemon [_thread_blocked, id=19715, stack(0x0000700004366000,0x0000700004466000)]
  0x00007fee63012000 JavaThread "C2 CompilerThread0" daemon [_thread_in_native, id=19203, stack(0x0000700004263000,0x0000700004363000)]
  0x00007fee6300e000 JavaThread "Signal Dispatcher" daemon [_thread_blocked, id=18691, stack(0x0000700004160000,0x0000700004260000)]
  0x00007fee62004000 JavaThread "Finalizer" daemon [_thread_blocked, id=14595, stack(0x000070000405d000,0x000070000415d000)]
  0x00007fee6180d000 JavaThread "Reference Handler" daemon [_thread_blocked, id=14083, stack(0x0000700003f5a000,0x000070000405a000)]
  0x00007fee62006800 JavaThread "main" [_thread_blocked, id=7171, stack(0x000070000353c000,0x000070000363c000)]

Other Threads:
  0x00007fee63005800 VMThread [stack: 0x0000700003e57000,0x0000700003f57000] [id=13571]
  0x00007fee6182b800 WatcherThread [stack: 0x0000700004772000,0x0000700004872000] [id=21763]

=>0x00007fee62011800 (exited) GCTaskThread [stack: 0x0000700003742000,0x0000700003842000] [id=9987]

VM state:at safepoint (normal execution)

VM Mutex/Monitor currently owned by a thread:  ([mutex/lock_event])
[0x00007fee616033b0] Threads_lock - owner thread: 0x00007fee63005800
[0x00007fee616038b0] Heap_lock - owner thread: 0x00007fee62bd2000

Heap:
 PSYoungGen      total 169472K, used 22500K [0x00000007a0000000, 0x00000007aef80000, 0x00000007c0000000)
  eden space 146944K, 0% used [0x00000007a0000000,0x00000007a0000000,0x00000007a8f80000)
  from space 22528K, 99% used [0x00000007a8f80000,0x00000007aa579330,0x00000007aa580000)
  to   space 25600K, 0% used [0x00000007ad680000,0x00000007ad680000,0x00000007aef80000)
 ParOldGen       total 110080K, used 33717K [0x0000000760000000, 0x0000000766b80000, 0x00000007a0000000)
  object space 110080K, 30% used [0x0000000760000000,0x00000007620ed748,0x0000000766b80000)
 Metaspace       used 57230K, capacity 59070K, committed 59136K, reserved 1099776K
  class space    used 7714K, capacity 8189K, committed 8192K, reserved 1048576K

Card table byte_map: [0x0000000108eaa000,0x00000001091ab000] byte_map_base: 0x00000001053aa000

Marking Bits: (ParMarkBitMap*) 0x0000000108882cd0
 Begin Bits: [0x000000011a4da000, 0x000000011bcda000)
 End Bits:   [0x000000011bcda000, 0x000000011d4da000)

Polling page: 0x0000000106f0d000

CodeCache: size=245760Kb used=20801Kb max_used=22147Kb free=224958Kb
 bounds [0x000000010b4da000, 0x000000010ca9a000, 0x000000011a4da000]
 total_blobs=6744 nmethods=5985 adapters=672
 compilation: enabled

Compilation events (10 events):
Event: 10.818 Thread 0x00007fee6182b000 nmethod 7000 0x000000010b84d550 code [0x000000010b84d6e0, 0x000000010b84da08]
Event: 10.818 Thread 0x00007fee6182b000 7001       3       org.gradle.api.internal.file.AbstractFileResolver::validate (184 bytes)
Event: 10.821 Thread 0x00007fee6182b000 nmethod 7001 0x000000010c2d9290 code [0x000000010c2d98c0, 0x000000010c2dd768]
Event: 10.821 Thread 0x00007fee6182b000 7007       3       org.gradle.internal.service.DefaultServiceRegistry::get (10 bytes)
Event: 10.822 Thread 0x00007fee6182b000 nmethod 7007 0x000000010b899310 code [0x000000010b8994c0, 0x000000010b899948]
Event: 10.822 Thread 0x00007fee6182b000 7002       3       org.gradle.api.internal.file.collections.DefaultFileCollectionResolveContext::resolveAsFileCollections (9 bytes)
Event: 10.822 Thread 0x00007fee6182b000 nmethod 7002 0x000000010c18fcd0 code [0x000000010c18fe40, 0x000000010c18ffc8]
Event: 10.822 Thread 0x00007fee6182b000 7003       3       org.gradle.internal.typeconversion.NotationParserBuilder::create (102 bytes)
Event: 10.823 Thread 0x00007fee6182b000 nmethod 7003 0x000000010c112f10 code [0x000000010c113180, 0x000000010c1140c8]
Event: 10.823 Thread 0x00007fee6182b000 7004       3       org.gradle.internal.typeconversion.NotationConverterToNotationParserAdapter::<init> (10 bytes)

GC Heap History (10 events):
Event: 4.706 GC heap after
Heap after GC invocations=9 (full 2):
 PSYoungGen      total 105472K, used 0K [0x00000007a0000000, 0x00000007a9680000, 0x00000007c0000000)
  eden space 93184K, 0% used [0x00000007a0000000,0x00000007a0000000,0x00000007a5b00000)
  from space 12288K, 0% used [0x00000007a5b00000,0x00000007a5b00000,0x00000007a6700000)
  to   space 12800K, 0% used [0x00000007a8a00000,0x00000007a8a00000,0x00000007a9680000)
 ParOldGen       total 110080K, used 17146K [0x0000000760000000, 0x0000000766b80000, 0x00000007a0000000)
  object space 110080K, 15% used [0x0000000760000000,0x00000007610beac0,0x0000000766b80000)
 Metaspace       used 34586K, capacity 35230K, committed 35496K, reserved 1079296K
  class space    used 4572K, capacity 4784K, committed 4864K, reserved 1048576K
}
Event: 5.438 GC heap before
{Heap before GC invocations=10 (full 2):
 PSYoungGen      total 105472K, used 93184K [0x00000007a0000000, 0x00000007a9680000, 0x00000007c0000000)
  eden space 93184K, 100% used [0x00000007a0000000,0x00000007a5b00000,0x00000007a5b00000)
  from space 12288K, 0% used [0x00000007a5b00000,0x00000007a5b00000,0x00000007a6700000)
  to   space 12800K, 0% used [0x00000007a8a00000,0x00000007a8a00000,0x00000007a9680000)
 ParOldGen       total 110080K, used 17146K [0x0000000760000000, 0x0000000766b80000, 0x00000007a0000000)
  object space 110080K, 15% used [0x0000000760000000,0x00000007610beac0,0x0000000766b80000)
 Metaspace       used 38961K, capacity 39802K, committed 40320K, reserved 1083392K
  class space    used 5146K, capacity 5387K, committed 5504K, reserved 1048576K
Event: 5.446 GC heap after
Heap after GC invocations=10 (full 2):
 PSYoungGen      total 136192K, used 9526K [0x00000007a0000000, 0x00000007a9400000, 0x00000007c0000000)
  eden space 125952K, 0% used [0x00000007a0000000,0x00000007a0000000,0x00000007a7b00000)
  from space 10240K, 93% used [0x00000007a8a00000,0x00000007a934d9f8,0x00000007a9400000)
  to   space 12800K, 0% used [0x00000007a7b00000,0x00000007a7b00000,0x00000007a8780000)
 ParOldGen       total 110080K, used 17154K [0x0000000760000000, 0x0000000766b80000, 0x00000007a0000000)
  object space 110080K, 15% used [0x0000000760000000,0x00000007610c0ac0,0x0000000766b80000)
 Metaspace       used 38961K, capacity 39802K, committed 40320K, reserved 1083392K
  class space    used 5146K, capacity 5387K, committed 5504K, reserved 1048576K
}
Event: 7.572 GC heap before
{Heap before GC invocations=11 (full 2):
 PSYoungGen      total 136192K, used 135478K [0x00000007a0000000, 0x00000007a9400000, 0x00000007c0000000)
  eden space 125952K, 100% used [0x00000007a0000000,0x00000007a7b00000,0x00000007a7b00000)
  from space 10240K, 93% used [0x00000007a8a00000,0x00000007a934d9f8,0x00000007a9400000)
  to   space 12800K, 0% used [0x00000007a7b00000,0x00000007a7b00000,0x00000007a8780000)
 ParOldGen       total 110080K, used 17154K [0x0000000760000000, 0x0000000766b80000, 0x00000007a0000000)
  object space 110080K, 15% used [0x0000000760000000,0x00000007610c0ac0,0x0000000766b80000)
 Metaspace       used 50936K, capacity 52200K, committed 52480K, reserved 1095680K
  class space    used 6765K, capacity 7052K, committed 7168K, reserved 1048576K
Event: 7.590 GC heap after
Heap after GC invocations=11 (full 2):
 PSYoungGen      total 138752K, used 12768K [0x00000007a0000000, 0x00000007ab680000, 0x00000007c0000000)
  eden space 125952K, 0% used [0x00000007a0000000,0x00000007a0000000,0x00000007a7b00000)
  from space 12800K, 99% used [0x00000007a7b00000,0x00000007a8778010,0x00000007a8780000)
  to   space 17408K, 0% used [0x00000007aa580000,0x00000007aa580000,0x00000007ab680000)
 ParOldGen       total 110080K, used 24409K [0x0000000760000000, 0x0000000766b80000, 0x00000007a0000000)
  object space 110080K, 22% used [0x0000000760000000,0x00000007617d6648,0x0000000766b80000)
 Metaspace       used 50936K, capacity 52200K, committed 52480K, reserved 1095680K
  class space    used 6765K, capacity 7052K, committed 7168K, reserved 1048576K
}
Event: 10.461 GC heap before
{Heap before GC invocations=12 (full 2):
 PSYoungGen      total 138752K, used 138720K [0x00000007a0000000, 0x00000007ab680000, 0x00000007c0000000)
  eden space 125952K, 100% used [0x00000007a0000000,0x00000007a7b00000,0x00000007a7b00000)
  from space 12800K, 99% used [0x00000007a7b00000,0x00000007a8778010,0x00000007a8780000)
  to   space 17408K, 0% used [0x00000007aa580000,0x00000007aa580000,0x00000007ab680000)
 ParOldGen       total 110080K, used 24409K [0x0000000760000000, 0x0000000766b80000, 0x00000007a0000000)
  object space 110080K, 22% used [0x0000000760000000,0x00000007617d6648,0x0000000766b80000)
 Metaspace       used 55944K, capacity 57536K, committed 57728K, reserved 1099776K
  class space    used 7441K, capacity 7772K, committed 7808K, reserved 1048576K
Event: 10.481 GC heap after
Heap after GC invocations=12 (full 2):
 PSYoungGen      total 164352K, used 17380K [0x00000007a0000000, 0x00000007abf00000, 0x00000007c0000000)
  eden space 146944K, 0% used [0x00000007a0000000,0x00000007a0000000,0x00000007a8f80000)
  from space 17408K, 99% used [0x00000007aa580000,0x00000007ab6790f0,0x00000007ab680000)
  to   space 22528K, 0% used [0x00000007a8f80000,0x00000007a8f80000,0x00000007aa580000)
 ParOldGen       total 110080K, used 32581K [0x0000000760000000, 0x0000000766b80000, 0x00000007a0000000)
  object space 110080K, 29% used [0x0000000760000000,0x0000000761fd15d8,0x0000000766b80000)
 Metaspace       used 55944K, capacity 57536K, committed 57728K, reserved 1099776K
  class space    used 7441K, capacity 7772K, committed 7808K, reserved 1048576K
}
Event: 10.823 GC heap before
{Heap before GC invocations=13 (full 2):
 PSYoungGen      total 164352K, used 58967K [0x00000007a0000000, 0x00000007abf00000, 0x00000007c0000000)
  eden space 146944K, 28% used [0x00000007a0000000,0x00000007a289ce10,0x00000007a8f80000)
  from space 17408K, 99% used [0x00000007aa580000,0x00000007ab6790f0,0x00000007ab680000)
  to   space 22528K, 0% used [0x00000007a8f80000,0x00000007a8f80000,0x00000007aa580000)
 ParOldGen       total 110080K, used 32581K [0x0000000760000000, 0x0000000766b80000, 0x00000007a0000000)
  object space 110080K, 29% used [0x0000000760000000,0x0000000761fd15d8,0x0000000766b80000)
 Metaspace       used 57230K, capacity 59070K, committed 59136K, reserved 1099776K
  class space    used 7714K, capacity 8189K, committed 8192K, reserved 1048576K
Event: 10.845 GC heap after
Heap after GC invocations=13 (full 2):
 PSYoungGen      total 169472K, used 22500K [0x00000007a0000000, 0x00000007aef80000, 0x00000007c0000000)
  eden space 146944K, 0% used [0x00000007a0000000,0x00000007a0000000,0x00000007a8f80000)
  from space 22528K, 99% used [0x00000007a8f80000,0x00000007aa579330,0x00000007aa580000)
  to   space 25600K, 0% used [0x00000007ad680000,0x00000007ad680000,0x00000007aef80000)
 ParOldGen       total 110080K, used 33717K [0x0000000760000000, 0x0000000766b80000, 0x00000007a0000000)
  object space 110080K, 30% used [0x0000000760000000,0x00000007620ed748,0x0000000766b80000)
 Metaspace       used 57230K, capacity 59070K, committed 59136K, reserved 1099776K
  class space    used 7714K, capacity 8189K, committed 8192K, reserved 1048576K
}
Event: 10.845 GC heap before
{Heap before GC invocations=14 (full 3):
 PSYoungGen      total 169472K, used 22500K [0x00000007a0000000, 0x00000007aef80000, 0x00000007c0000000)
  eden space 146944K, 0% used [0x00000007a0000000,0x00000007a0000000,0x00000007a8f80000)
  from space 22528K, 99% used [0x00000007a8f80000,0x00000007aa579330,0x00000007aa580000)
  to   space 25600K, 0% used [0x00000007ad680000,0x00000007ad680000,0x00000007aef80000)
 ParOldGen       total 110080K, used 33717K [0x0000000760000000, 0x0000000766b80000, 0x00000007a0000000)
  object space 110080K, 30% used [0x0000000760000000,0x00000007620ed748,0x0000000766b80000)
 Metaspace       used 57230K, capacity 59070K, committed 59136K, reserved 1099776K
  class space    used 7714K, capacity 8189K, committed 8192K, reserved 1048576K

Deoptimization events (10 events):
Event: 10.459 Thread 0x00007fee62bd2000 Uncommon trap: reason=unstable_if action=reinterpret pc=0x000000010b8ecfa0 method=org.codehaus.groovy.util.ReferenceManager$2.afterReferenceCreation(Lorg/codehaus/groovy/util/Reference;)V @ 8
Event: 10.459 Thread 0x00007fee62bd2000 Uncommon trap: reason=unstable_if action=reinterpret pc=0x000000010b8ecfa0 method=org.codehaus.groovy.util.ReferenceManager$2.afterReferenceCreation(Lorg/codehaus/groovy/util/Reference;)V @ 8
Event: 10.459 Thread 0x00007fee62bd2000 Uncommon trap: reason=unstable_if action=reinterpret pc=0x000000010b8ecfa0 method=org.codehaus.groovy.util.ReferenceManager$2.afterReferenceCreation(Lorg/codehaus/groovy/util/Reference;)V @ 8
Event: 10.459 Thread 0x00007fee62bd2000 Uncommon trap: reason=unstable_if action=reinterpret pc=0x000000010b8ecfa0 method=org.codehaus.groovy.util.ReferenceManager$2.afterReferenceCreation(Lorg/codehaus/groovy/util/Reference;)V @ 8
Event: 10.460 Thread 0x00007fee62bd2000 Uncommon trap: reason=unstable_if action=reinterpret pc=0x000000010bc8e294 method=org.codehaus.groovy.util.ReferenceManager$2.afterReferenceCreation(Lorg/codehaus/groovy/util/Reference;)V @ 8
Event: 10.460 Thread 0x00007fee62bd2000 Uncommon trap: reason=unstable_if action=reinterpret pc=0x000000010bd858ec method=org.codehaus.groovy.util.ReferenceManager$2.afterReferenceCreation(Lorg/codehaus/groovy/util/Reference;)V @ 8
Event: 10.512 Thread 0x00007fee62bd2000 Uncommon trap: reason=unstable_if action=reinterpret pc=0x000000010c1f4ad4 method=groovyjarjarasm.asm.ByteVector.putShort(I)Lgroovyjarjarasm/asm/ByteVector; @ 13
Event: 10.801 Thread 0x00007fee62bd2000 Uncommon trap: reason=class_check action=maybe_recompile pc=0x000000010c2a5320 method=java.lang.Throwable.<init>(Ljava/lang/String;Ljava/lang/Throwable;)V @ 24
Event: 10.801 Thread 0x00007fee62bd2000 Uncommon trap: reason=class_check action=maybe_recompile pc=0x000000010c2a5320 method=java.lang.Throwable.<init>(Ljava/lang/String;Ljava/lang/Throwable;)V @ 24
Event: 10.802 Thread 0x00007fee62bd2000 Uncommon trap: reason=class_check action=maybe_recompile pc=0x000000010c2a5320 method=java.lang.Throwable.<init>(Ljava/lang/String;Ljava/lang/Throwable;)V @ 24

Internal exceptions (10 events):
Event: 10.735 Thread 0x00007fee62bd2000 Exception <a 'java/lang/ClassNotFoundException': groovy/lang/GroovyObjectBeanInfo> (0x00000007a2415028) thrown at [/Volumes/Android_AOSP/AOSP-openjdk/external/jetbrains/jdk/hotspot/src/share/vm/classfile/systemDictionary.cpp, line 210]
Event: 10.735 Thread 0x00007fee62bd2000 Exception <a 'java/lang/ClassNotFoundException': groovy/lang/GroovyObjectCustomizer> (0x00000007a24219e8) thrown at [/Volumes/Android_AOSP/AOSP-openjdk/external/jetbrains/jdk/hotspot/src/share/vm/classfile/systemDictionary.cpp, line 210]
Event: 10.736 Thread 0x00007fee62bd2000 Exception <a 'java/lang/ClassNotFoundException': org/gradle/internal/component/external/model/DefaultModuleComponentArtifactIdentifierBeanInfo> (0x00000007a2466948) thrown at [/Volumes/Android_AOSP/AOSP-openjdk/external/jetbrains/jdk/hotspot/src/share/vm/
Event: 10.737 Thread 0x00007fee62bd2000 Exception <a 'java/lang/ClassNotFoundException': org/gradle/internal/component/external/model/DefaultModuleComponentArtifactIdentifierCustomizer> (0x00000007a24919c8) thrown at [/Volumes/Android_AOSP/AOSP-openjdk/external/jetbrains/jdk/hotspot/src/share/v
Event: 10.740 Thread 0x00007fee62bd2000 Exception <a 'java/lang/ClassNotFoundException': org/jetbrains/plugins/gradle/model/DefaultExternalLibraryDependencyBeanInfo> (0x00000007a24e08e8) thrown at [/Volumes/Android_AOSP/AOSP-openjdk/external/jetbrains/jdk/hotspot/src/share/vm/classfile/systemDi
Event: 10.740 Thread 0x00007fee62bd2000 Exception <a 'java/lang/ClassNotFoundException': org/jetbrains/plugins/gradle/model/AbstractExternalDependencyBeanInfo> (0x00000007a24f0508) thrown at [/Volumes/Android_AOSP/AOSP-openjdk/external/jetbrains/jdk/hotspot/src/share/vm/classfile/systemDictiona
Event: 10.741 Thread 0x00007fee62bd2000 Exception <a 'java/lang/ClassNotFoundException': org/jetbrains/plugins/gradle/model/AbstractExternalDependencyCustomizer> (0x00000007a24ffd50) thrown at [/Volumes/Android_AOSP/AOSP-openjdk/external/jetbrains/jdk/hotspot/src/share/vm/classfile/systemDictio
Event: 10.741 Thread 0x00007fee62bd2000 Exception <a 'java/lang/ClassNotFoundException': org/jetbrains/plugins/gradle/model/DefaultExternalLibraryDependencyCustomizer> (0x00000007a252c5b8) thrown at [/Volumes/Android_AOSP/AOSP-openjdk/external/jetbrains/jdk/hotspot/src/share/vm/classfile/system
Event: 10.757 Thread 0x00007fee62bd2000 Exception <a 'java/lang/ClassNotFoundException': org/gradle/api/internal/artifacts/result/DefaultResolvedArtifactResultBeanInfo> (0x00000007a260c688) thrown at [/Volumes/Android_AOSP/AOSP-openjdk/external/jetbrains/jdk/hotspot/src/share/vm/classfile/syste
Event: 10.758 Thread 0x00007fee62bd2000 Exception <a 'java/lang/ClassNotFoundException': org/gradle/api/internal/artifacts/result/DefaultResolvedArtifactResultCustomizer> (0x00000007a2639e68) thrown at [/Volumes/Android_AOSP/AOSP-openjdk/external/jetbrains/jdk/hotspot/src/share/vm/classfile/sys

Events (10 events):
Event: 10.815 loading class com/android/build/gradle/internal/model/ApiVersionImpl done
Event: 10.817 loading class com/android/build/gradle/internal/model/BuildTypeContainerImpl
Event: 10.817 loading class com/android/build/gradle/internal/model/BuildTypeContainerImpl done
Event: 10.817 loading class com/android/builder/model/BuildTypeContainer
Event: 10.817 loading class com/android/builder/model/BuildTypeContainer done
Event: 10.819 loading class com/android/build/gradle/internal/model/BuildTypeImpl
Event: 10.819 loading class com/android/build/gradle/internal/model/BuildTypeImpl done
Event: 10.822 loading class com/android/build/gradle/internal/model/ModelBuilder$SourceProviders
Event: 10.822 loading class com/android/build/gradle/internal/model/ModelBuilder$SourceProviders done
Event: 10.823 Executing VM operation: CollectForMetadataAllocation


Dynamic libraries:
0x00000000043e7000 	/System/Library/Frameworks/Cocoa.framework/Versions/A/Cocoa
0x00000000043e7000 	/System/Library/Frameworks/Security.framework/Versions/A/Security
0x00000000043e7000 	/System/Library/Frameworks/ApplicationServices.framework/Versions/A/ApplicationServices
0x00000000043e7000 	/usr/lib/libz.1.dylib
0x00000000043e7000 	/usr/lib/libSystem.B.dylib
0x00000000043e7000 	/System/Library/Frameworks/CoreFoundation.framework/Versions/A/CoreFoundation
0x00000000043e7000 	/usr/lib/libobjc.A.dylib
0x00000000043e7000 	/System/Library/Frameworks/Foundation.framework/Versions/C/Foundation
0x00000000043e7000 	/System/Library/Frameworks/AppKit.framework/Versions/C/AppKit
0x00000000043e7000 	/System/Library/Frameworks/CoreData.framework/Versions/A/CoreData
0x00000000043e7000 	/System/Library/PrivateFrameworks/RemoteViewServices.framework/Versions/A/RemoteViewServices
0x00000000043e7000 	/System/Library/PrivateFrameworks/UIFoundation.framework/Versions/A/UIFoundation
0x00000000043e7000 	/usr/lib/libenergytrace.dylib
0x00000000043e7000 	/System/Library/PrivateFrameworks/SkyLight.framework/Versions/A/SkyLight
0x00000000043e7000 	/System/Library/Frameworks/CoreGraphics.framework/Versions/A/CoreGraphics
0x00000000043e7000 	/usr/lib/libScreenReader.dylib
0x00000000043e7000 	/System/Library/Frameworks/Accelerate.framework/Versions/A/Accelerate
0x00000000043e7000 	/System/Library/Frameworks/IOSurface.framework/Versions/A/IOSurface
0x00000000043e7000 	/System/Library/Frameworks/AudioToolbox.framework/Versions/A/AudioToolbox
0x00000000043e7000 	/System/Library/Frameworks/AudioUnit.framework/Versions/A/AudioUnit
0x00000000043e7000 	/System/Library/PrivateFrameworks/DataDetectorsCore.framework/Versions/A/DataDetectorsCore
0x00000000043e7000 	/System/Library/PrivateFrameworks/DesktopServicesPriv.framework/Versions/A/DesktopServicesPriv
0x00000000043e7000 	/System/Library/Frameworks/Carbon.framework/Versions/A/Frameworks/HIToolbox.framework/Versions/A/HIToolbox
0x00000000043e7000 	/usr/lib/libicucore.A.dylib
0x00000000043e7000 	/System/Library/Frameworks/QuartzCore.framework/Versions/A/QuartzCore
0x00000000043e7000 	/System/Library/Frameworks/Carbon.framework/Versions/A/Frameworks/SpeechRecognition.framework/Versions/A/SpeechRecognition
0x00000000043e7000 	/usr/lib/libauto.dylib
0x00000000043e7000 	/usr/lib/libxml2.2.dylib
0x00000000043e7000 	/System/Library/PrivateFrameworks/CoreUI.framework/Versions/A/CoreUI
0x00000000043e7000 	/System/Library/Frameworks/CoreAudio.framework/Versions/A/CoreAudio
0x00000000043e7000 	/System/Library/Frameworks/DiskArbitration.framework/Versions/A/DiskArbitration
0x00000000043e7000 	/usr/lib/liblangid.dylib
0x00000000043e7000 	/System/Library/PrivateFrameworks/MultitouchSupport.framework/Versions/A/MultitouchSupport
0x00000000043e7000 	/System/Library/Frameworks/IOKit.framework/Versions/A/IOKit
0x00000000043e7000 	/usr/lib/libDiagnosticMessagesClient.dylib
0x00000000043e7000 	/System/Library/Frameworks/CoreServices.framework/Versions/A/CoreServices
0x00000000043e7000 	/System/Library/PrivateFrameworks/PerformanceAnalysis.framework/Versions/A/PerformanceAnalysis
0x00000000043e7000 	/System/Library/PrivateFrameworks/GenerationalStorage.framework/Versions/A/GenerationalStorage
0x00000000043e7000 	/System/Library/Frameworks/OpenGL.framework/Versions/A/OpenGL
0x00000000043e7000 	/System/Library/Frameworks/CoreImage.framework/Versions/A/CoreImage
0x00000000043e7000 	/System/Library/Frameworks/CoreText.framework/Versions/A/CoreText
0x00000000043e7000 	/System/Library/Frameworks/ImageIO.framework/Versions/A/ImageIO
0x00000000043e7000 	/System/Library/PrivateFrameworks/Backup.framework/Versions/A/Backup
0x00000000043e7000 	/usr/lib/libarchive.2.dylib
0x00000000043e7000 	/System/Library/Frameworks/CFNetwork.framework/Versions/A/CFNetwork
0x00000000043e7000 	/System/Library/Frameworks/SystemConfiguration.framework/Versions/A/SystemConfiguration
0x00000000043e7000 	/usr/lib/libCRFSuite.dylib
0x00000000043e7000 	/usr/lib/libc++.1.dylib
0x00000000043e7000 	/usr/lib/libc++abi.dylib
0x00000000043e7000 	/usr/lib/system/libcache.dylib
0x00000000043e7000 	/usr/lib/system/libcommonCrypto.dylib
0x00000000043e7000 	/usr/lib/system/libcompiler_rt.dylib
0x00000000043e7000 	/usr/lib/system/libcopyfile.dylib
0x00000000043e7000 	/usr/lib/system/libcorecrypto.dylib
0x00000000043e7000 	/usr/lib/system/libdispatch.dylib
0x00000000043e7000 	/usr/lib/system/libdyld.dylib
0x00000000043e7000 	/usr/lib/system/libkeymgr.dylib
0x00000000043e7000 	/usr/lib/system/liblaunch.dylib
0x00000000043e7000 	/usr/lib/system/libmacho.dylib
0x00000000043e7000 	/usr/lib/system/libquarantine.dylib
0x00000000043e7000 	/usr/lib/system/libremovefile.dylib
0x00000000043e7000 	/usr/lib/system/libsystem_asl.dylib
0x00000000043e7000 	/usr/lib/system/libsystem_blocks.dylib
0x00000000043e7000 	/usr/lib/system/libsystem_c.dylib
0x00000000043e7000 	/usr/lib/system/libsystem_configuration.dylib
0x00000000043e7000 	/usr/lib/system/libsystem_coreservices.dylib
0x00000000043e7000 	/usr/lib/system/libsystem_coretls.dylib
0x00000000043e7000 	/usr/lib/system/libsystem_dnssd.dylib
0x00000000043e7000 	/usr/lib/system/libsystem_info.dylib
0x00000000043e7000 	/usr/lib/system/libsystem_kernel.dylib
0x00000000043e7000 	/usr/lib/system/libsystem_m.dylib
0x00000000043e7000 	/usr/lib/system/libsystem_malloc.dylib
0x00000000043e7000 	/usr/lib/system/libsystem_network.dylib
0x00000000043e7000 	/usr/lib/system/libsystem_networkextension.dylib
0x00000000043e7000 	/usr/lib/system/libsystem_notify.dylib
0x00000000043e7000 	/usr/lib/system/libsystem_platform.dylib
0x00000000043e7000 	/usr/lib/system/libsystem_pthread.dylib
0x00000000043e7000 	/usr/lib/system/libsystem_sandbox.dylib
0x00000000043e7000 	/usr/lib/system/libsystem_secinit.dylib
0x00000000043e7000 	/usr/lib/system/libsystem_symptoms.dylib
0x00000000043e7000 	/usr/lib/system/libsystem_trace.dylib
0x00000000043e7000 	/usr/lib/system/libunwind.dylib
0x00000000043e7000 	/usr/lib/system/libxpc.dylib
0x00000000043e7000 	/usr/lib/libbsm.0.dylib
0x00000000043e7000 	/usr/lib/system/libkxld.dylib
0x00000000043e7000 	/usr/lib/libcoretls.dylib
0x00000000043e7000 	/usr/lib/libcoretls_cfhelpers.dylib
0x00000000043e7000 	/usr/lib/libxar.1.dylib
0x00000000043e7000 	/usr/lib/libsqlite3.dylib
0x00000000043e7000 	/usr/lib/libpam.2.dylib
0x00000000043e7000 	/usr/lib/libOpenScriptingUtil.dylib
0x00000000043e7000 	/usr/lib/libbz2.1.0.dylib
0x00000000043e7000 	/usr/lib/liblzma.5.dylib
0x00000000043e7000 	/usr/lib/libnetwork.dylib
0x00000000043e7000 	/usr/lib/libpcap.A.dylib
0x00000000043e7000 	/System/Library/Frameworks/CoreServices.framework/Versions/A/Frameworks/FSEvents.framework/Versions/A/FSEvents
0x00000000043e7000 	/System/Library/Frameworks/CoreServices.framework/Versions/A/Frameworks/CarbonCore.framework/Versions/A/CarbonCore
0x00000000043e7000 	/System/Library/Frameworks/CoreServices.framework/Versions/A/Frameworks/Metadata.framework/Versions/A/Metadata
0x00000000043e7000 	/System/Library/Frameworks/CoreServices.framework/Versions/A/Frameworks/OSServices.framework/Versions/A/OSServices
0x00000000043e7000 	/System/Library/Frameworks/CoreServices.framework/Versions/A/Frameworks/SearchKit.framework/Versions/A/SearchKit
0x00000000043e7000 	/System/Library/Frameworks/CoreServices.framework/Versions/A/Frameworks/AE.framework/Versions/A/AE
0x00000000043e7000 	/System/Library/Frameworks/CoreServices.framework/Versions/A/Frameworks/LaunchServices.framework/Versions/A/LaunchServices
0x00000000043e7000 	/System/Library/Frameworks/CoreServices.framework/Versions/A/Frameworks/DictionaryServices.framework/Versions/A/DictionaryServices
0x00000000043e7000 	/System/Library/Frameworks/CoreServices.framework/Versions/A/Frameworks/SharedFileList.framework/Versions/A/SharedFileList
0x00000000043e7000 	/System/Library/Frameworks/NetFS.framework/Versions/A/NetFS
0x00000000043e7000 	/System/Library/PrivateFrameworks/NetAuth.framework/Versions/A/NetAuth
0x00000000043e7000 	/System/Library/PrivateFrameworks/login.framework/Versions/A/Frameworks/loginsupport.framework/Versions/A/loginsupport
0x00000000043e7000 	/System/Library/PrivateFrameworks/TCC.framework/Versions/A/TCC
0x00000000043e7000 	/usr/lib/libmecabra.dylib
0x00000000043e7000 	/System/Library/Frameworks/ApplicationServices.framework/Versions/A/Frameworks/ATS.framework/Versions/A/ATS
0x00000000043e7000 	/System/Library/Frameworks/ApplicationServices.framework/Versions/A/Frameworks/ColorSync.framework/Versions/A/ColorSync
0x00000000043e7000 	/System/Library/Frameworks/ApplicationServices.framework/Versions/A/Frameworks/HIServices.framework/Versions/A/HIServices
0x00000000043e7000 	/System/Library/Frameworks/ApplicationServices.framework/Versions/A/Frameworks/LangAnalysis.framework/Versions/A/LangAnalysis
0x00000000043e7000 	/System/Library/Frameworks/ApplicationServices.framework/Versions/A/Frameworks/PrintCore.framework/Versions/A/PrintCore
0x00000000043e7000 	/System/Library/Frameworks/ApplicationServices.framework/Versions/A/Frameworks/QD.framework/Versions/A/QD
0x00000000043e7000 	/System/Library/Frameworks/ApplicationServices.framework/Versions/A/Frameworks/SpeechSynthesis.framework/Versions/A/SpeechSynthesis
0x00000000043e7000 	/System/Library/Frameworks/Accelerate.framework/Versions/A/Frameworks/vImage.framework/Versions/A/vImage
0x00000000043e7000 	/System/Library/Frameworks/Accelerate.framework/Versions/A/Frameworks/vecLib.framework/Versions/A/vecLib
0x00000000043e7000 	/System/Library/Frameworks/Accelerate.framework/Versions/A/Frameworks/vecLib.framework/Versions/A/libvDSP.dylib
0x00000000043e7000 	/System/Library/Frameworks/Accelerate.framework/Versions/A/Frameworks/vecLib.framework/Versions/A/libBNNS.dylib
0x00000000043e7000 	/System/Library/Frameworks/Accelerate.framework/Versions/A/Frameworks/vecLib.framework/Versions/A/libQuadrature.dylib
0x00000000043e7000 	/System/Library/Frameworks/Accelerate.framework/Versions/A/Frameworks/vecLib.framework/Versions/A/libvMisc.dylib
0x00000000043e7000 	/System/Library/Frameworks/Accelerate.framework/Versions/A/Frameworks/vecLib.framework/Versions/A/libLAPACK.dylib
0x00000000043e7000 	/System/Library/Frameworks/Accelerate.framework/Versions/A/Frameworks/vecLib.framework/Versions/A/libBLAS.dylib
0x00000000043e7000 	/System/Library/Frameworks/Accelerate.framework/Versions/A/Frameworks/vecLib.framework/Versions/A/libLinearAlgebra.dylib
0x00000000043e7000 	/System/Library/Frameworks/Accelerate.framework/Versions/A/Frameworks/vecLib.framework/Versions/A/libSparseBLAS.dylib
0x00000000043e7000 	/System/Library/Frameworks/ApplicationServices.framework/Versions/A/Frameworks/ATS.framework/Versions/A/Resources/libFontParser.dylib
0x00000000043e7000 	/System/Library/Frameworks/ApplicationServices.framework/Versions/A/Frameworks/ATS.framework/Versions/A/Resources/libFontRegistry.dylib
0x00000000043e7000 	/System/Library/Frameworks/ImageIO.framework/Versions/A/Resources/libJPEG.dylib
0x00000000043e7000 	/System/Library/Frameworks/ImageIO.framework/Versions/A/Resources/libTIFF.dylib
0x00000000043e7000 	/System/Library/Frameworks/ImageIO.framework/Versions/A/Resources/libPng.dylib
0x00000000043e7000 	/System/Library/Frameworks/ImageIO.framework/Versions/A/Resources/libGIF.dylib
0x00000000043e7000 	/System/Library/Frameworks/ImageIO.framework/Versions/A/Resources/libJP2.dylib
0x00000000043e7000 	/System/Library/Frameworks/ImageIO.framework/Versions/A/Resources/libRadiance.dylib
0x00000000043e7000 	/usr/lib/libcompression.dylib
0x00000000043e7000 	/System/Library/PrivateFrameworks/AppleJPEG.framework/Versions/A/AppleJPEG
0x00000000043e7000 	/usr/lib/libcups.2.dylib
0x00000000043e7000 	/System/Library/Frameworks/Kerberos.framework/Versions/A/Kerberos
0x00000000043e7000 	/System/Library/Frameworks/GSS.framework/Versions/A/GSS
0x00000000043e7000 	/usr/lib/libresolv.9.dylib
0x00000000043e7000 	/usr/lib/libiconv.2.dylib
0x00000000043e7000 	/System/Library/PrivateFrameworks/Heimdal.framework/Versions/A/Heimdal
0x00000000043e7000 	/usr/lib/libheimdal-asn1.dylib
0x00000000043e7000 	/System/Library/Frameworks/OpenDirectory.framework/Versions/A/OpenDirectory
0x00000000043e7000 	/System/Library/PrivateFrameworks/CommonAuth.framework/Versions/A/CommonAuth
0x00000000043e7000 	/System/Library/Frameworks/OpenDirectory.framework/Versions/A/Frameworks/CFOpenDirectory.framework/Versions/A/CFOpenDirectory
0x00000000043e7000 	/System/Library/Frameworks/SecurityFoundation.framework/Versions/A/SecurityFoundation
0x00000000043e7000 	/System/Library/PrivateFrameworks/LanguageModeling.framework/Versions/A/LanguageModeling
0x00000000043e7000 	/usr/lib/libmarisa.dylib
0x00000000043e7000 	/usr/lib/libChineseTokenizer.dylib
0x00000000043e7000 	/usr/lib/libcmph.dylib
0x00000000043e7000 	/System/Library/PrivateFrameworks/CoreEmoji.framework/Versions/A/CoreEmoji
0x00000000043e7000 	/System/Library/Frameworks/ServiceManagement.framework/Versions/A/ServiceManagement
0x00000000043e7000 	/usr/lib/libxslt.1.dylib
0x00000000043e7000 	/System/Library/Frameworks/Carbon.framework/Versions/A/Frameworks/Ink.framework/Versions/A/Ink
0x00000000043e7000 	/System/Library/PrivateFrameworks/TextureIO.framework/Versions/A/TextureIO
0x00000000043e7000 	/System/Library/Frameworks/Metal.framework/Versions/A/Metal
0x00000000043e7000 	/usr/lib/libate.dylib
0x00000000043e7000 	/System/Library/PrivateFrameworks/GPUCompiler.framework/libmetal_timestamp.dylib
0x00000000043e7000 	/System/Library/Frameworks/OpenGL.framework/Versions/A/Libraries/libCoreFSCache.dylib
0x00000000043e7000 	/System/Library/PrivateFrameworks/IOAccelerator.framework/Versions/A/IOAccelerator
0x00000000043e7000 	/System/Library/Frameworks/CoreVideo.framework/Versions/A/CoreVideo
0x00000000043e7000 	/usr/lib/libFosl_dynamic.dylib
0x00000000043e7000 	/System/Library/PrivateFrameworks/MetalPerformanceShaders.framework/Versions/A/MetalPerformanceShaders
0x00000000043e7000 	/System/Library/PrivateFrameworks/FaceCore.framework/Versions/A/FaceCore
0x00000000043e7000 	/System/Library/Frameworks/OpenCL.framework/Versions/A/OpenCL
0x00000000043e7000 	/System/Library/Frameworks/OpenGL.framework/Versions/A/Libraries/libGLU.dylib
0x00000000043e7000 	/System/Library/Frameworks/OpenGL.framework/Versions/A/Libraries/libGFXShared.dylib
0x00000000043e7000 	/System/Library/Frameworks/OpenGL.framework/Versions/A/Libraries/libGL.dylib
0x00000000043e7000 	/System/Library/Frameworks/OpenGL.framework/Versions/A/Libraries/libGLImage.dylib
0x00000000043e7000 	/System/Library/Frameworks/OpenGL.framework/Versions/A/Libraries/libCVMSPluginSupport.dylib
0x00000000043e7000 	/System/Library/Frameworks/OpenGL.framework/Versions/A/Libraries/libCoreVMClient.dylib
0x00000000043e7000 	/System/Library/PrivateFrameworks/CrashReporterSupport.framework/Versions/A/CrashReporterSupport
0x00000000043e7000 	/System/Library/PrivateFrameworks/Sharing.framework/Versions/A/Sharing
0x00000000043e7000 	/System/Library/PrivateFrameworks/IconServices.framework/Versions/A/IconServices
0x00000000043e7000 	/System/Library/PrivateFrameworks/ProtocolBuffer.framework/Versions/A/ProtocolBuffer
0x00000000043e7000 	/System/Library/PrivateFrameworks/Apple80211.framework/Versions/A/Apple80211
0x00000000043e7000 	/System/Library/Frameworks/CoreWLAN.framework/Versions/A/CoreWLAN
0x00000000043e7000 	/System/Library/PrivateFrameworks/CoreUtils.framework/Versions/A/CoreUtils
0x00000000043e7000 	/System/Library/Frameworks/IOBluetooth.framework/Versions/A/IOBluetooth
0x00000000043e7000 	/System/Library/PrivateFrameworks/CoreWiFi.framework/Versions/A/CoreWiFi
0x00000000043e7000 	/System/Library/Frameworks/CoreBluetooth.framework/Versions/A/CoreBluetooth
0x00000000043e7000 	/System/Library/Frameworks/CoreDisplay.framework/Versions/A/CoreDisplay
0x00000000043e7000 	/System/Library/PrivateFrameworks/IOPresentment.framework/Versions/A/IOPresentment
0x00000000043e7000 	/System/Library/PrivateFrameworks/DebugSymbols.framework/Versions/A/DebugSymbols
0x00000000043e7000 	/System/Library/PrivateFrameworks/CoreSymbolication.framework/Versions/A/CoreSymbolication
0x00000000043e7000 	/System/Library/PrivateFrameworks/Symbolication.framework/Versions/A/Symbolication
0x00000000043e7000 	/System/Library/PrivateFrameworks/AppleFSCompression.framework/Versions/A/AppleFSCompression
0x00000000043e7000 	/System/Library/PrivateFrameworks/SpeechRecognitionCore.framework/Versions/A/SpeechRecognitionCore
0x00000000043e7000 	/System/Library/PrivateFrameworks/ChunkingLibrary.framework/Versions/A/ChunkingLibrary
0x0000000108000000 	/Applications/Android Studio.app/Contents/jre/jdk/Contents/Home/jre/lib/server/libjvm.dylib
0x00000000043e7000 	/usr/lib/libstdc++.6.dylib
0x0000000106ecb000 	/Applications/Android Studio.app/Contents/jre/jdk/Contents/Home/jre/lib/libverify.dylib
0x0000000106ed8000 	/Applications/Android Studio.app/Contents/jre/jdk/Contents/Home/jre/lib/libjava.dylib
0x0000000106f17000 	/Applications/Android Studio.app/Contents/jre/jdk/Contents/Home/jre/lib/libzip.dylib
0x0000000106fe2000 	/System/Library/Frameworks/JavaVM.framework/Frameworks/JavaRuntimeSupport.framework/JavaRuntimeSupport
0x000000011ddda000 	/System/Library/Frameworks/JavaVM.framework/Versions/A/Frameworks/JavaNativeFoundation.framework/Versions/A/JavaNativeFoundation
0x000000011ddef000 	/System/Library/Frameworks/JavaVM.framework/Versions/A/JavaVM
0x00000000043e7000 	/System/Library/Frameworks/Carbon.framework/Versions/A/Carbon
0x000000011ddfc000 	/System/Library/PrivateFrameworks/JavaLaunching.framework/Versions/A/JavaLaunching
0x00000000043e7000 	/System/Library/Frameworks/Carbon.framework/Versions/A/Frameworks/CommonPanels.framework/Versions/A/CommonPanels
0x00000000043e7000 	/System/Library/Frameworks/Carbon.framework/Versions/A/Frameworks/Help.framework/Versions/A/Help
0x00000000043e7000 	/System/Library/Frameworks/Carbon.framework/Versions/A/Frameworks/ImageCapture.framework/Versions/A/ImageCapture
0x00000000043e7000 	/System/Library/Frameworks/Carbon.framework/Versions/A/Frameworks/OpenScripting.framework/Versions/A/OpenScripting
0x00000000043e7000 	/System/Library/Frameworks/Carbon.framework/Versions/A/Frameworks/Print.framework/Versions/A/Print
0x00000000043e7000 	/System/Library/Frameworks/Carbon.framework/Versions/A/Frameworks/SecurityHI.framework/Versions/A/SecurityHI
0x000000011fb10000 	/Applications/Android Studio.app/Contents/jre/jdk/Contents/Home/jre/lib/libnet.dylib
0x000000011fbb7000 	/Applications/Android Studio.app/Contents/jre/jdk/Contents/Home/jre/lib/libnio.dylib
0x000000011fc5a000 	/Users/alessioricco/.gradle/native/19/osx-amd64/libnative-platform.dylib
0x000000011f99e000 	/Applications/Android Studio.app/Contents/jre/jdk/Contents/Home/jre/lib/libmanagement.dylib
0x000000011fbc7000 	/Applications/Android Studio.app/Contents/jre/jdk/Contents/Home/jre/lib/libsunec.dylib

VM Arguments:
jvm_args: -Xmx1536m -Dfile.encoding=UTF-8 -Duser.country=IE -Duser.language=en -Duser.variant 
java_command: org.gradle.launcher.daemon.bootstrap.GradleDaemon 2.14.1
java_class_path (initial): /Applications/Android Studio.app/Contents/gradle/gradle-2.14.1/lib/gradle-launcher-2.14.1.jar
Launcher Type: SUN_STANDARD

Environment Variables:
PATH=/usr/bin:/bin:/usr/sbin:/sbin
SHELL=/bin/bash

Signal Handlers:
SIGSEGV: [libjvm.dylib+0x57697d], sa_mask[0]=11111111011111110111111111111111, sa_flags=SA_ONSTACK|SA_RESTART|SA_SIGINFO
SIGBUS: [libjvm.dylib+0x57697d], sa_mask[0]=11111111011111110111111111111111, sa_flags=SA_RESTART|SA_SIGINFO
SIGFPE: [libjvm.dylib+0x453bdc], sa_mask[0]=11111111011111110111111111111111, sa_flags=SA_RESTART|SA_SIGINFO
SIGPIPE: [libjvm.dylib+0x453bdc], sa_mask[0]=11111111011111110111111111111111, sa_flags=SA_RESTART|SA_SIGINFO
SIGXFSZ: [libjvm.dylib+0x453bdc], sa_mask[0]=11111111011111110111111111111111, sa_flags=SA_RESTART|SA_SIGINFO
SIGILL: [libjvm.dylib+0x453bdc], sa_mask[0]=11111111011111110111111111111111, sa_flags=SA_RESTART|SA_SIGINFO
SIGUSR1: SIG_DFL, sa_mask[0]=00000000000000000000000000000000, sa_flags=none
SIGUSR2: [libjvm.dylib+0x4536fa], sa_mask[0]=00100000000000000000000000000000, sa_flags=SA_RESTART|SA_SIGINFO
SIGHUP: [libjvm.dylib+0x451cd1], sa_mask[0]=11111111011111110111111111111111, sa_flags=SA_RESTART|SA_SIGINFO
SIGINT: [libjvm.dylib+0x451cd1], sa_mask[0]=11111111011111110111111111111111, sa_flags=SA_RESTART|SA_SIGINFO
SIGTERM: [libjvm.dylib+0x451cd1], sa_mask[0]=11111111011111110111111111111111, sa_flags=SA_RESTART|SA_SIGINFO
SIGQUIT: [libjvm.dylib+0x451cd1], sa_mask[0]=11111111011111110111111111111111, sa_flags=SA_RESTART|SA_SIGINFO


---------------  S Y S T E M  ---------------

OS:Bsduname:Darwin 16.0.0 Darwin Kernel Version 16.0.0: Mon Aug 29 17:56:20 PDT 2016; root:xnu-3789.1.32~3/RELEASE_X86_64 x86_64
rlimit: STACK 8192k, CORE 0k, NPROC 709, NOFILE 10240, AS infinity
load average:1.87 1.50 1.34

CPU:total 8 (4 cores per cpu, 2 threads per core) family 6 model 58 stepping 9, cmov, cx8, fxsr, mmx, sse, sse2, sse3, ssse3, sse4.1, sse4.2, popcnt, avx, aes, clmul, erms, ht, tsc, tscinvbit, tscinv

Memory: 4k page, physical 8388608k(3980452k free)

/proc/meminfo:


vm_info: OpenJDK 64-Bit Server VM (25.76-b03) for bsd-amd64 JRE (1.8.0_76-release-b03), built on Jun 29 2016 09:35:54 by "builder" with gcc 4.2.1 (Based on Apple Inc. build 5658) (LLVM build 2336.11.00)

time: Thu Sep 29 19:12:26 2016
elapsed time: 10 seconds (0d 0h 0m 10s)

